-------------------------------------------------------------------------------
Test set: com.zerobank.runners.CukesRunner
-------------------------------------------------------------------------------
Tests run: 1, Failures: 1, Errors: 0, Skipped: 0, Time elapsed: 16.302 s <<< FAILURE! - in com.zerobank.runners.CukesRunner
Search description(Find Transactions in Account Activity)  Time elapsed: 15.988 s  <<< FAILURE!
java.lang.AssertionError

